<?xml version="1.0" encoding="UTF-8"?>
<!-- Generated by org.testng.reporters.JUnitReportReporter -->
<testsuite skipped="0" hostname="PRAVEEN" name="test.ExtentReportDemoWIthTestNG" tests="1" failures="0" timestamp="2020-07-28T19:08:21 IST" time="30.374" errors="0">
  <testcase name="test1" time="30.374" classname="test.ExtentReportDemoWIthTestNG"/>
  <system-out/>
</testsuite> <!-- test.ExtentReportDemoWIthTestNG -->
